  [1m[35m (71.0ms)[0m  [1m[35mCREATE TABLE "schema_migrations" ("version" varchar NOT NULL PRIMARY KEY)[0m
  [1m[35m (79.4ms)[0m  [1m[35mCREATE TABLE "ar_internal_metadata" ("key" varchar NOT NULL PRIMARY KEY, "value" varchar, "created_at" datetime(6) NOT NULL, "updated_at" datetime(6) NOT NULL)[0m
  [1m[36mActiveRecord::SchemaMigration Pluck (1.0ms)[0m  [1m[34mSELECT "schema_migrations"."version" FROM "schema_migrations" ORDER BY "schema_migrations"."version" ASC[0m
Migrating to DeviseCreateUsers (20221219224007)
  [1m[36mTRANSACTION (0.2ms)[0m  [1m[36mbegin transaction[0m
  [1m[35m (3.5ms)[0m  [1m[35mCREATE TABLE "users" ("id" integer PRIMARY KEY AUTOINCREMENT NOT NULL, "email" varchar DEFAULT '' NOT NULL, "encrypted_password" varchar DEFAULT '' NOT NULL, "reset_password_token" varchar, "reset_password_sent_at" datetime(6), "remember_created_at" datetime(6), "created_at" datetime(6) NOT NULL, "updated_at" datetime(6) NOT NULL)[0m
  [1m[35m (2.0ms)[0m  [1m[35mCREATE UNIQUE INDEX "index_users_on_email" ON "users" ("email")[0m
  [1m[35m (0.6ms)[0m  [1m[35mCREATE UNIQUE INDEX "index_users_on_reset_password_token" ON "users" ("reset_password_token")[0m
  [1m[36mActiveRecord::SchemaMigration Create (1.1ms)[0m  [1m[32mINSERT INTO "schema_migrations" ("version") VALUES (?)[0m  [["version", "20221219224007"]]
  [1m[36mTRANSACTION (9.3ms)[0m  [1m[36mcommit transaction[0m
  [1m[36mActiveRecord::InternalMetadata Load (1.0ms)[0m  [1m[34mSELECT "ar_internal_metadata".* FROM "ar_internal_metadata" WHERE "ar_internal_metadata"."key" = ? LIMIT ?[0m  [["key", "environment"], ["LIMIT", 1]]
  [1m[36mTRANSACTION (0.2ms)[0m  [1m[36mbegin transaction[0m
  [1m[36mActiveRecord::InternalMetadata Create (5.5ms)[0m  [1m[32mINSERT INTO "ar_internal_metadata" ("key", "value", "created_at", "updated_at") VALUES (?, ?, ?, ?)[0m  [["key", "environment"], ["value", "development"], ["created_at", "2022-12-19 22:41:37.636118"], ["updated_at", "2022-12-19 22:41:37.636118"]]
  [1m[36mTRANSACTION (5.8ms)[0m  [1m[36mcommit transaction[0m
  [1m[36mActiveRecord::SchemaMigration Pluck (1.0ms)[0m  [1m[34mSELECT "schema_migrations"."version" FROM "schema_migrations" ORDER BY "schema_migrations"."version" ASC[0m
Started GET "/users/sign_up" for ::1 at 2022-12-19 19:44:54 -0300
  [1m[36mActiveRecord::SchemaMigration Pluck (1.6ms)[0m  [1m[34mSELECT "schema_migrations"."version" FROM "schema_migrations" ORDER BY "schema_migrations"."version" ASC[0m
Processing by Devise::RegistrationsController#new as HTML
  Rendering layout layouts/application.html.erb
  Rendering C:/Ruby31-x64/lib/ruby/gems/3.1.0/gems/devise-4.8.1/app/views/devise/registrations/new.html.erb within layouts/application
  Rendered C:/Ruby31-x64/lib/ruby/gems/3.1.0/gems/devise-4.8.1/app/views/devise/shared/_error_messages.html.erb (Duration: 4.7ms | Allocations: 245)
  Rendered C:/Ruby31-x64/lib/ruby/gems/3.1.0/gems/devise-4.8.1/app/views/devise/shared/_links.html.erb (Duration: 55.2ms | Allocations: 583)
  Rendered C:/Ruby31-x64/lib/ruby/gems/3.1.0/gems/devise-4.8.1/app/views/devise/registrations/new.html.erb within layouts/application (Duration: 1280.9ms | Allocations: 8524)
  Rendered layout layouts/application.html.erb (Duration: 9850.2ms | Allocations: 101538)
Completed 200 OK in 10489ms (Views: 10288.9ms | ActiveRecord: 4.9ms | Allocations: 115547)


Started POST "/users" for ::1 at 2022-12-19 19:46:26 -0300
Processing by Devise::RegistrationsController#create as TURBO_STREAM
  Parameters: {"authenticity_token"=>"[FILTERED]", "user"=>{"email"=>"tester1@tester.com", "password"=>"[FILTERED]", "password_confirmation"=>"[FILTERED]"}, "commit"=>"Sign up"}
  [1m[36mTRANSACTION (0.2ms)[0m  [1m[36mbegin transaction[0m
  [1m[36mUser Exists? (1.0ms)[0m  [1m[34mSELECT 1 AS one FROM "users" WHERE "users"."email" = ? LIMIT ?[0m  [["email", "tester1@tester.com"], ["LIMIT", 1]]
  [1m[36mUser Create (13.7ms)[0m  [1m[32mINSERT INTO "users" ("email", "encrypted_password", "reset_password_token", "reset_password_sent_at", "remember_created_at", "created_at", "updated_at") VALUES (?, ?, ?, ?, ?, ?, ?)[0m  [["email", "tester1@tester.com"], ["encrypted_password", "[FILTERED]"], ["reset_password_token", "[FILTERED]"], ["reset_password_sent_at", "[FILTERED]"], ["remember_created_at", nil], ["created_at", "2022-12-19 22:46:29.096390"], ["updated_at", "2022-12-19 22:46:29.096390"]]
  [1m[36mTRANSACTION (24.1ms)[0m  [1m[36mcommit transaction[0m
Redirected to http://localhost:3000/
Completed 302 Found in 2995ms (ActiveRecord: 39.1ms | Allocations: 12239)


Started GET "/" for ::1 at 2022-12-19 19:46:30 -0300
  
ActionController::RoutingError (uninitialized constant HomeController

      Object.const_get(camel_cased_word)
            ^^^^^^^^^^

            raise MissingController.new(error.message, error.name)
            ^^^^^):
  
Started GET "/users/sign_up" for ::1 at 2022-12-19 19:46:33 -0300
Processing by Devise::RegistrationsController#new as HTML
  [1m[36mUser Load (1.1ms)[0m  [1m[34mSELECT "users".* FROM "users" WHERE "users"."id" = ? ORDER BY "users"."id" ASC LIMIT ?[0m  [["id", 1], ["LIMIT", 1]]
Redirected to http://localhost:3000/
Filter chain halted as :require_no_authentication rendered or redirected
Completed 302 Found in 248ms (ActiveRecord: 1.1ms | Allocations: 2148)


Started GET "/" for ::1 at 2022-12-19 19:46:34 -0300
  
ActionController::RoutingError (uninitialized constant HomeController

      Object.const_get(camel_cased_word)
            ^^^^^^^^^^

            raise MissingController.new(error.message, error.name)
            ^^^^^):
  
Started GET "/" for ::1 at 2022-12-19 19:47:10 -0300
Processing by SplashController#index as HTML
  Rendering layout layouts/application.html.erb
  Rendering splash/index.html.erb within layouts/application
  [1m[36mUser Load (1.0ms)[0m  [1m[34mSELECT "users".* FROM "users" WHERE "users"."id" = ? ORDER BY "users"."id" ASC LIMIT ?[0m  [["id", 1], ["LIMIT", 1]]
  ↳ app/views/splash/index.html.erb:1
  Rendered splash/index.html.erb within layouts/application (Duration: 390.8ms | Allocations: 4610)
  Rendered layout layouts/application.html.erb (Duration: 754.9ms | Allocations: 18856)
Completed 200 OK in 840ms (Views: 825.8ms | ActiveRecord: 12.2ms | Allocations: 19640)


Started DELETE "/users/sign_out" for ::1 at 2022-12-19 20:56:39 -0300
Processing by Devise::SessionsController#destroy as TURBO_STREAM
  Parameters: {"authenticity_token"=>"[FILTERED]"}
  [1m[36mUser Load (1.5ms)[0m  [1m[34mSELECT "users".* FROM "users" WHERE "users"."id" = ? ORDER BY "users"."id" ASC LIMIT ?[0m  [["id", 1], ["LIMIT", 1]]
Redirected to http://localhost:3000/
Completed 302 Found in 352ms (ActiveRecord: 15.7ms | Allocations: 3489)


Started GET "/" for ::1 at 2022-12-19 20:56:41 -0300
Processing by SplashController#index as TURBO_STREAM
  Rendering layout layouts/application.html.erb
  Rendering splash/index.html.erb within layouts/application
  Rendered splash/index.html.erb within layouts/application (Duration: 26.9ms | Allocations: 676)
  Rendered layout layouts/application.html.erb (Duration: 120.5ms | Allocations: 3090)
Completed 200 OK in 156ms (Views: 138.7ms | ActiveRecord: 0.0ms | Allocations: 3438)


Started POST "/users/sign_in" for ::1 at 2022-12-19 21:11:57 -0300
Processing by Devise::SessionsController#create as TURBO_STREAM
  Parameters: {"authenticity_token"=>"[FILTERED]"}
Completed 401 Unauthorized in 18ms (Allocations: 506)


Processing by Devise::SessionsController#new as TURBO_STREAM
  Parameters: {"authenticity_token"=>"[FILTERED]"}
  Rendering layout layouts/application.html.erb
  Rendering C:/Ruby31-x64/lib/ruby/gems/3.1.0/gems/devise-4.8.1/app/views/devise/sessions/new.html.erb within layouts/application
  Rendered C:/Ruby31-x64/lib/ruby/gems/3.1.0/gems/devise-4.8.1/app/views/devise/shared/_links.html.erb (Duration: 3.9ms | Allocations: 246)
  Rendered C:/Ruby31-x64/lib/ruby/gems/3.1.0/gems/devise-4.8.1/app/views/devise/sessions/new.html.erb within layouts/application (Duration: 735.5ms | Allocations: 9011)
  Rendered layout layouts/application.html.erb (Duration: 825.8ms | Allocations: 11463)
Completed 200 OK in 914ms (Views: 882.1ms | Allocations: 12428)


Started POST "/users/sign_in" for ::1 at 2022-12-19 21:12:02 -0300
Processing by Devise::SessionsController#create as TURBO_STREAM
  Parameters: {"authenticity_token"=>"[FILTERED]"}
Completed 401 Unauthorized in 14ms (Allocations: 552)


Processing by Devise::SessionsController#new as TURBO_STREAM
  Parameters: {"authenticity_token"=>"[FILTERED]"}
  Rendering layout layouts/application.html.erb
  Rendering C:/Ruby31-x64/lib/ruby/gems/3.1.0/gems/devise-4.8.1/app/views/devise/sessions/new.html.erb within layouts/application
  Rendered C:/Ruby31-x64/lib/ruby/gems/3.1.0/gems/devise-4.8.1/app/views/devise/shared/_links.html.erb (Duration: 0.8ms | Allocations: 131)
  Rendered C:/Ruby31-x64/lib/ruby/gems/3.1.0/gems/devise-4.8.1/app/views/devise/sessions/new.html.erb within layouts/application (Duration: 15.7ms | Allocations: 1229)
  Rendered layout layouts/application.html.erb (Duration: 61.1ms | Allocations: 3492)
Completed 200 OK in 94ms (Views: 74.3ms | Allocations: 4010)


